{
  "RSpec": {
    "coverage": {
      "/home/renato-franco/Área de Trabalho/rspec-book/spec/bag_of_words_spec.rb": [
        null,
        null,
        1,
        1,
        null,
        1,
        1,
        1,
        1,
        null,
        1,
        null,
        1,
        null,
        null,
        1,
        1,
        null,
        1,
        null,
        null,
        null
      ],
      "/home/renato-franco/Área de Trabalho/rspec-book/lib/bag_of_words.rb": [
        null,
        null,
        1,
        1,
        2,
        null,
        null,
        1,
        3,
        null,
        null,
        1,
        2,
        null,
        null
      ],
      "/home/renato-franco/Área de Trabalho/rspec-book/spec/stack_spec.rb": [
        null,
        null,
        1,
        1,
        null,
        1,
        1,
        1,
        1,
        null,
        1,
        1,
        null,
        1,
        null,
        null,
        null,
        1,
        1,
        1,
        null,
        1,
        1,
        1,
        null,
        1,
        1,
        null,
        1,
        null,
        null,
        null
      ],
      "/home/renato-franco/Área de Trabalho/rspec-book/lib/stack.rb": [
        null,
        null,
        1,
        1,
        2,
        null,
        null,
        1,
        5,
        null,
        null,
        1,
        2,
        null,
        null,
        1,
        2,
        null,
        null
      ]
    },
    "timestamp": 1567951872
  }
}
